#
# There is insufficient memory for the Java Runtime Environment to continue.
# Native memory allocation (mmap) failed to map 65536 bytes for Failed to commit metaspace.
# Possible reasons:
#   The system is out of physical RAM or swap space
#   The process is running with CompressedOops enabled, and the Java Heap may be blocking the growth of the native heap
# Possible solutions:
#   Reduce memory load on the system
#   Increase physical memory or swap space
#   Check if swap backing store is full
#   Decrease Java heap size (-Xmx/-Xms)
#   Decrease number of Java threads
#   Decrease Java thread stack sizes (-Xss)
#   Set larger code cache with -XX:ReservedCodeCacheSize=
#   JVM is running with Unscaled Compressed Oops mode in which the Java heap is
#     placed in the first 4GB address space. The Java Heap base address is the
#     maximum limit for the native heap growth. Please use -XX:HeapBaseMinAddress
#     to set the Java Heap base and to place the Java Heap above 4GB virtual address.
# This output file may be truncated or incomplete.
#
#  Out of Memory Error (virtualSpaceNode.cpp:110), pid=15344, tid=15328
#
# JRE version: OpenJDK Runtime Environment Temurin-17.0.7+7 (17.0.7+7) (build 17.0.7+7)
# Java VM: OpenJDK 64-Bit Server VM Temurin-17.0.7+7 (17.0.7+7, mixed mode, sharing, tiered, compressed oops, compressed class ptrs, parallel gc, windows-amd64)
# No core dump will be written. Minidumps are not enabled by default on client versions of Windows
#

---------------  S U M M A R Y ------------

Command Line: --add-modules=ALL-SYSTEM --add-opens=java.base/java.util=ALL-UNNAMED --add-opens=java.base/java.lang=ALL-UNNAMED --add-opens=java.base/sun.nio.fs=ALL-UNNAMED -Declipse.application=org.eclipse.jdt.ls.core.id1 -Dosgi.bundles.defaultStartLevel=4 -Declipse.product=org.eclipse.jdt.ls.core.product -Djava.import.generatesMetadataFilesAtProjectRoot=false -Dfile.encoding=utf8 -XX:+UseParallelGC -XX:GCTimeRatio=4 -XX:AdaptiveSizePolicyWeight=90 -Dsun.zip.disableMemoryMapping=true -Xmx1G -Xms100m -Xlog:disable -javaagent:c:\Users\kogil\.vscode\extensions\redhat.java-1.20.0-win32-x64\lombok\lombok-1.18.28.jar c:\Users\kogil\.vscode\extensions\redhat.java-1.20.0-win32-x64\server\plugins\org.eclipse.equinox.launcher_1.6.500.v20230622-2056.jar -configuration c:\Users\kogil\AppData\Roaming\Code\User\globalStorage\redhat.java\1.20.0\config_ss_win -data c:\Users\kogil\AppData\Roaming\Code\User\workspaceStorage\9bee5a64eda732b358ae4ea735b6baa9\redhat.java\ss_ws

Host: 11th Gen Intel(R) Core(TM) i5-1135G7 @ 2.40GHz, 8 cores, 7G,  Windows 10 , 64 bit Build 19041 (10.0.19041.3031)
Time: Thu Jul 20 19:17:34 2023 India Standard Time elapsed time: 1.906183 seconds (0d 0h 0m 1s)

---------------  T H R E A D  ---------------

Current thread (0x0000023596c18060):  JavaThread "Start Level: Equinox Container: 641f2e64-fa0d-46f4-8feb-b933c1827749" daemon [_thread_in_vm, id=15328, stack(0x000000f094300000,0x000000f094400000)]

Stack: [0x000000f094300000,0x000000f094400000]
Native frames: (J=compiled Java code, j=interpreted, Vv=VM code, C=native code)
V  [jvm.dll+0x67754a]
V  [jvm.dll+0x834304]
V  [jvm.dll+0x835aae]
V  [jvm.dll+0x836113]
V  [jvm.dll+0x24696f]
V  [jvm.dll+0x83039b]
V  [jvm.dll+0x61c006]
V  [jvm.dll+0x1c169e]
V  [jvm.dll+0x61e961]
V  [jvm.dll+0x61c9a6]
V  [jvm.dll+0x626887]
V  [jvm.dll+0x1eb47b]
V  [jvm.dll+0x1eb9b5]
V  [jvm.dll+0x1ec3ef]
V  [jvm.dll+0x1e1891]
V  [jvm.dll+0x53ea50]
V  [jvm.dll+0x7afc28]
V  [jvm.dll+0x7afd14]
V  [jvm.dll+0x40de05]
V  [jvm.dll+0x413f58]
C  [java.dll+0x17ec]

Java frames: (J=compiled Java code, j=interpreted, Vv=VM code)
J 1002  java.lang.ClassLoader.defineClass1(Ljava/lang/ClassLoader;Ljava/lang/String;[BIILjava/security/ProtectionDomain;Ljava/lang/String;)Ljava/lang/Class; java.base@17.0.7 (0 bytes) @ 0x000002358f54e9e3 [0x000002358f54e920+0x00000000000000c3]
J 1908 c1 java.lang.ClassLoader.defineClass(Ljava/lang/String;[BIILjava/security/ProtectionDomain;)Ljava/lang/Class; java.base@17.0.7 (43 bytes) @ 0x0000023587dc23dc [0x0000023587dc2080+0x000000000000035c]
J 2456 c1 org.eclipse.osgi.internal.loader.ModuleClassLoader.defineClass(Ljava/lang/String;[BLorg/eclipse/osgi/internal/loader/classpath/ClasspathEntry;)Lorg/eclipse/osgi/internal/loader/ModuleClassLoader$DefineClassResult; (138 bytes) @ 0x0000023587f1fa1c [0x0000023587f1f7c0+0x000000000000025c]
J 2354 c1 org.eclipse.osgi.internal.loader.classpath.ClasspathManager.defineClass(Ljava/lang/String;[BLorg/eclipse/osgi/internal/loader/classpath/ClasspathEntry;Lorg/eclipse/osgi/storage/bundlefile/BundleEntry;Ljava/util/List;)Ljava/lang/Class; (636 bytes) @ 0x0000023587ed42dc [0x0000023587ed27e0+0x0000000000001afc]
J 2353 c1 org.eclipse.osgi.internal.loader.classpath.ClasspathManager.findClassImpl(Ljava/lang/String;Lorg/eclipse/osgi/internal/loader/classpath/ClasspathEntry;Ljava/util/List;)Ljava/lang/Class; (308 bytes) @ 0x0000023587ecef64 [0x0000023587ecc140+0x0000000000002e24]
J 2245 c1 org.eclipse.osgi.internal.loader.classpath.ClasspathManager.findLocalClassImpl(Ljava/lang/String;[Lorg/eclipse/osgi/internal/loader/classpath/ClasspathEntry;Ljava/util/List;)Ljava/lang/Class; (55 bytes) @ 0x0000023587e8834c [0x0000023587e881c0+0x000000000000018c]
J 2244 c1 org.eclipse.osgi.internal.loader.classpath.ClasspathManager.findLocalClassImpl(Ljava/lang/String;Ljava/util/List;)Ljava/lang/Class; (132 bytes) @ 0x0000023587e87904 [0x0000023587e873c0+0x0000000000000544]
J 2265 c1 org.eclipse.osgi.internal.loader.classpath.ClasspathManager.findLocalClass(Ljava/lang/String;)Ljava/lang/Class; (210 bytes) @ 0x0000023587e9073c [0x0000023587e8fa20+0x0000000000000d1c]
J 2307 c1 org.eclipse.osgi.internal.loader.BundleLoader.findLocalClass(Ljava/lang/String;)Ljava/lang/Class; (152 bytes) @ 0x0000023587ea420c [0x0000023587ea39a0+0x000000000000086c]
J 1986 c1 org.eclipse.osgi.internal.loader.BundleLoader.findClass0(Ljava/lang/String;ZZ)Ljava/lang/Class; (466 bytes) @ 0x0000023587de00c4 [0x0000023587ddd920+0x00000000000027a4]
J 1985 c1 org.eclipse.osgi.internal.loader.BundleLoader.findClass(Ljava/lang/String;)Ljava/lang/Class; (8 bytes) @ 0x0000023587ddd01c [0x0000023587ddcfa0+0x000000000000007c]
J 1988 c1 org.eclipse.osgi.internal.loader.ModuleClassLoader.loadClass(Ljava/lang/String;Z)Ljava/lang/Class; (36 bytes) @ 0x0000023587de3144 [0x0000023587de2f20+0x0000000000000224]
J 768 c1 java.lang.ClassLoader.loadClass(Ljava/lang/String;)Ljava/lang/Class; java.base@17.0.7 (7 bytes) @ 0x0000023587b594cc [0x0000023587b593c0+0x000000000000010c]
v  ~StubRoutines::call_stub
j  org.eclipse.jdt.internal.core.JavaModelManager$8.optionsChanged(Lorg/eclipse/osgi/service/debug/DebugOptions;)V+617
j  org.eclipse.osgi.internal.debug.FrameworkDebugOptions.addingService(Lorg/osgi/framework/ServiceReference;)Lorg/eclipse/osgi/service/debug/DebugOptionsListener;+16
j  org.eclipse.osgi.internal.debug.FrameworkDebugOptions.addingService(Lorg/osgi/framework/ServiceReference;)Ljava/lang/Object;+5
j  org.osgi.util.tracker.ServiceTracker$Tracked.customizerAdding(Lorg/osgi/framework/ServiceReference;Lorg/osgi/framework/ServiceEvent;)Ljava/lang/Object;+8
j  org.osgi.util.tracker.ServiceTracker$Tracked.customizerAdding(Ljava/lang/Object;Ljava/lang/Object;)Ljava/lang/Object;+9
j  org.osgi.util.tracker.AbstractTracked.trackAdding(Ljava/lang/Object;Ljava/lang/Object;)V+8
j  org.osgi.util.tracker.AbstractTracked.track(Ljava/lang/Object;Ljava/lang/Object;)V+83
j  org.osgi.util.tracker.ServiceTracker$Tracked.serviceChanged(Lorg/osgi/framework/ServiceEvent;)V+67
J 1883 c1 org.eclipse.osgi.internal.serviceregistry.FilteredServiceListener.serviceChanged(Lorg/osgi/framework/ServiceEvent;)V (284 bytes) @ 0x0000023587db3c54 [0x0000023587db18e0+0x0000000000002374]
J 1473 c1 org.eclipse.osgi.internal.framework.BundleContextImpl.dispatchEvent(Ljava/lang/Object;Ljava/lang/Object;ILjava/lang/Object;)V (558 bytes) @ 0x0000023587cdeac4 [0x0000023587cdb8c0+0x0000000000003204]
J 2295 c1 org.eclipse.osgi.framework.eventmgr.EventManager.dispatchEvent(Ljava/util/Set;Lorg/eclipse/osgi/framework/eventmgr/EventDispatcher;ILjava/lang/Object;)V (69 bytes) @ 0x0000023587e9df2c [0x0000023587e9da20+0x000000000000050c]
j  org.eclipse.osgi.framework.eventmgr.ListenerQueue.dispatchEventSynchronous(ILjava/lang/Object;)V+67
j  org.eclipse.osgi.internal.serviceregistry.ServiceRegistry.publishServiceEventPrivileged(Lorg/osgi/framework/ServiceEvent;)V+320
j  org.eclipse.osgi.internal.serviceregistry.ServiceRegistry.publishServiceEvent(Lorg/osgi/framework/ServiceEvent;)V+8
j  org.eclipse.osgi.internal.serviceregistry.ServiceRegistrationImpl.register(Ljava/util/Dictionary;)V+128
j  org.eclipse.osgi.internal.serviceregistry.ServiceRegistry.registerService(Lorg/eclipse/osgi/internal/framework/BundleContextImpl;[Ljava/lang/String;Ljava/lang/Object;Ljava/util/Dictionary;)Lorg/eclipse/osgi/internal/serviceregistry/ServiceRegistrationImpl;+298
j  org.eclipse.osgi.internal.framework.BundleContextImpl.registerService([Ljava/lang/String;Ljava/lang/Object;Ljava/util/Dictionary;)Lorg/osgi/framework/ServiceRegistration;+15
j  org.eclipse.osgi.internal.framework.BundleContextImpl.registerService(Ljava/lang/String;Ljava/lang/Object;Ljava/util/Dictionary;)Lorg/osgi/framework/ServiceRegistration;+15
j  org.eclipse.osgi.internal.framework.BundleContextImpl.registerService(Ljava/lang/Class;Ljava/lang/Object;Ljava/util/Dictionary;)Lorg/osgi/framework/ServiceRegistration;+7
j  org.eclipse.jdt.internal.core.JavaModelManager.registerDebugOptionsListener(Lorg/osgi/framework/BundleContext;)V+32
j  org.eclipse.jdt.core.JavaCore.start(Lorg/osgi/framework/BundleContext;)V+6
j  org.eclipse.osgi.internal.framework.BundleContextImpl$2.run()Ljava/lang/Void;+23
j  org.eclipse.osgi.internal.framework.BundleContextImpl$2.run()Ljava/lang/Object;+1
J 1104 c1 java.security.AccessController.executePrivileged(Ljava/security/PrivilegedExceptionAction;Ljava/security/AccessControlContext;Ljava/lang/Class;)Ljava/lang/Object; java.base@17.0.7 (65 bytes) @ 0x0000023587c041bc [0x0000023587c04060+0x000000000000015c]
j  java.security.AccessController.doPrivileged(Ljava/security/PrivilegedExceptionAction;)Ljava/lang/Object;+9 java.base@17.0.7
j  org.eclipse.osgi.internal.framework.BundleContextImpl.startActivator(Lorg/osgi/framework/BundleActivator;)V+9
j  org.eclipse.osgi.internal.framework.BundleContextImpl.start()V+134
j  org.eclipse.osgi.internal.framework.EquinoxBundle.startWorker0()V+35
j  org.eclipse.osgi.internal.framework.EquinoxBundle$EquinoxModule.startWorker()V+4
j  org.eclipse.osgi.container.Module.doStart([Lorg/eclipse/osgi/container/Module$StartOptions;)Lorg/eclipse/osgi/container/ModuleContainerAdaptor$ModuleEvent;+190
J 2360 c1 org.eclipse.osgi.container.Module.start([Lorg/eclipse/osgi/container/Module$StartOptions;)V (655 bytes) @ 0x0000023587edbc1c [0x0000023587ed9860+0x00000000000023bc]
J 2459 c1 org.eclipse.osgi.framework.util.SecureAction.start(Lorg/eclipse/osgi/container/Module;[Lorg/eclipse/osgi/container/Module$StartOptions;)V (61 bytes) @ 0x0000023587f21874 [0x0000023587f213c0+0x00000000000004b4]
J 2310 c1 org.eclipse.osgi.internal.hooks.EclipseLazyStarter.postFindLocalClass(Ljava/lang/String;Ljava/lang/Class;Lorg/eclipse/osgi/internal/loader/classpath/ClasspathManager;)V (394 bytes) @ 0x0000023587ea72cc [0x0000023587ea62c0+0x000000000000100c]
J 2265 c1 org.eclipse.osgi.internal.loader.classpath.ClasspathManager.findLocalClass(Ljava/lang/String;)Ljava/lang/Class; (210 bytes) @ 0x0000023587e90a8c [0x0000023587e8fa20+0x000000000000106c]
J 2307 c1 org.eclipse.osgi.internal.loader.BundleLoader.findLocalClass(Ljava/lang/String;)Ljava/lang/Class; (152 bytes) @ 0x0000023587ea420c [0x0000023587ea39a0+0x000000000000086c]
J 2323 c1 org.eclipse.osgi.internal.loader.sources.SingleSourcePackage.loadClass(Ljava/lang/String;)Ljava/lang/Class; (9 bytes) @ 0x0000023587eb5a44 [0x0000023587eb5940+0x0000000000000104]
J 1986 c1 org.eclipse.osgi.internal.loader.BundleLoader.findClass0(Ljava/lang/String;ZZ)Ljava/lang/Class; (466 bytes) @ 0x0000023587ddffc4 [0x0000023587ddd920+0x00000000000026a4]
J 1985 c1 org.eclipse.osgi.internal.loader.BundleLoader.findClass(Ljava/lang/String;)Ljava/lang/Class; (8 bytes) @ 0x0000023587ddd01c [0x0000023587ddcfa0+0x000000000000007c]
J 1988 c1 org.eclipse.osgi.internal.loader.ModuleClassLoader.loadClass(Ljava/lang/String;Z)Ljava/lang/Class; (36 bytes) @ 0x0000023587de3144 [0x0000023587de2f20+0x0000000000000224]
J 768 c1 java.lang.ClassLoader.loadClass(Ljava/lang/String;)Ljava/lang/Class; java.base@17.0.7 (7 bytes) @ 0x0000023587b594cc [0x0000023587b593c0+0x000000000000010c]
v  ~StubRoutines::call_stub
j  java.lang.Class.getDeclaredConstructors0(Z)[Ljava/lang/reflect/Constructor;+0 java.base@17.0.7
j  java.lang.Class.privateGetDeclaredConstructors(Z)[Ljava/lang/reflect/Constructor;+52 java.base@17.0.7
j  java.lang.Class.getConstructor0([Ljava/lang/Class;I)Ljava/lang/reflect/Constructor;+14 java.base@17.0.7
j  java.lang.Class.getConstructor([Ljava/lang/Class;)Ljava/lang/reflect/Constructor;+24 java.base@17.0.7
j  org.eclipse.osgi.internal.framework.BundleContextImpl.loadBundleActivator()Lorg/osgi/framework/BundleActivator;+105
j  org.eclipse.osgi.internal.framework.BundleContextImpl.start()V+18
j  org.eclipse.osgi.internal.framework.EquinoxBundle.startWorker0()V+35
j  org.eclipse.osgi.internal.framework.EquinoxBundle$EquinoxModule.startWorker()V+4
j  org.eclipse.osgi.container.Module.doStart([Lorg/eclipse/osgi/container/Module$StartOptions;)Lorg/eclipse/osgi/container/ModuleContainerAdaptor$ModuleEvent;+190
j  org.eclipse.osgi.container.Module.start([Lorg/eclipse/osgi/container/Module$StartOptions;)V+460
j  org.eclipse.osgi.container.ModuleContainer$ContainerStartLevel$2.run()V+71
j  org.eclipse.osgi.internal.framework.EquinoxContainerAdaptor$1$1.execute(Ljava/lang/Runnable;)V+1
j  org.eclipse.osgi.container.ModuleContainer$ContainerStartLevel.incStartLevel(ILjava/util/List;Z)V+192
j  org.eclipse.osgi.container.ModuleContainer$ContainerStartLevel.incStartLevel(ILjava/util/List;Ljava/util/List;Ljava/util/List;Ljava/util/List;)V+19
j  org.eclipse.osgi.container.ModuleContainer$ContainerStartLevel.doContainerStartLevel(Lorg/eclipse/osgi/container/Module;I[Lorg/osgi/framework/FrameworkListener;)V+349
j  org.eclipse.osgi.container.ModuleContainer$ContainerStartLevel.dispatchEvent(Lorg/eclipse/osgi/container/Module;[Lorg/osgi/framework/FrameworkListener;ILjava/lang/Integer;)V+32
j  org.eclipse.osgi.container.ModuleContainer$ContainerStartLevel.dispatchEvent(Ljava/lang/Object;Ljava/lang/Object;ILjava/lang/Object;)V+15
j  org.eclipse.osgi.framework.eventmgr.EventManager.dispatchEvent(Ljava/util/Set;Lorg/eclipse/osgi/framework/eventmgr/EventDispatcher;ILjava/lang/Object;)V+48
j  org.eclipse.osgi.framework.eventmgr.EventManager$EventThread.run()V+26
v  ~StubRoutines::call_stub

---------------  P R O C E S S  ---------------

Threads class SMR info:
_java_thread_list=0x000002359bdc4dc0, length=30, elements={
0x00000235fad9c2d0, 0x00000235fae58a80, 0x00000235fae59ce0, 0x00000235fd034390,
0x00000235fd036d60, 0x00000235fd037620, 0x00000235fd038ef0, 0x00000235fd046f10,
0x00000235fd0478c0, 0x00000235fd0481c0, 0x0000023596c17b90, 0x0000023596c171f0,
0x0000023596c193a0, 0x0000023596c18a00, 0x0000023596c15eb0, 0x0000023596c16d20,
0x0000023596c19870, 0x0000023596c16850, 0x0000023596c176c0, 0x0000023596c18530,
0x0000023596c18060, 0x0000023596c18ed0, 0x000002359ba74df0, 0x000002359ba77e10,
0x000002359ba71900, 0x000002359ba75c60, 0x000002359bb5b1c0, 0x000002359ba76ad0,
0x000002359ba722a0, 0x000002359ba76130
}

Java Threads: ( => current thread )
  0x00000235fad9c2d0 JavaThread "main" [_thread_blocked, id=16700, stack(0x000000f092500000,0x000000f092600000)]
  0x00000235fae58a80 JavaThread "Reference Handler" daemon [_thread_blocked, id=11888, stack(0x000000f092800000,0x000000f092900000)]
  0x00000235fae59ce0 JavaThread "Finalizer" daemon [_thread_blocked, id=8372, stack(0x000000f092900000,0x000000f092a00000)]
  0x00000235fd034390 JavaThread "Signal Dispatcher" daemon [_thread_blocked, id=16588, stack(0x000000f092a00000,0x000000f092b00000)]
  0x00000235fd036d60 JavaThread "Attach Listener" daemon [_thread_blocked, id=17120, stack(0x000000f092b00000,0x000000f092c00000)]
  0x00000235fd037620 JavaThread "Service Thread" daemon [_thread_blocked, id=20528, stack(0x000000f092c00000,0x000000f092d00000)]
  0x00000235fd038ef0 JavaThread "Monitor Deflation Thread" daemon [_thread_blocked, id=6424, stack(0x000000f092d00000,0x000000f092e00000)]
  0x00000235fd046f10 JavaThread "C2 CompilerThread0" daemon [_thread_in_native, id=16404, stack(0x000000f092e00000,0x000000f092f00000)]
  0x00000235fd0478c0 JavaThread "C1 CompilerThread0" daemon [_thread_blocked, id=8424, stack(0x000000f092f00000,0x000000f093000000)]
  0x00000235fd0481c0 JavaThread "Sweeper thread" daemon [_thread_blocked, id=19736, stack(0x000000f093000000,0x000000f093100000)]
  0x0000023596c17b90 JavaThread "Common-Cleaner" daemon [_thread_blocked, id=18708, stack(0x000000f093100000,0x000000f093200000)]
  0x0000023596c171f0 JavaThread "Notification Thread" daemon [_thread_blocked, id=4852, stack(0x000000f093300000,0x000000f093400000)]
  0x0000023596c193a0 JavaThread "Equinox resolver thread - Equinox Container: 641f2e64-fa0d-46f4-8feb-b933c1827749" daemon [_thread_blocked, id=10564, stack(0x000000f093b00000,0x000000f093c00000)]
  0x0000023596c18a00 JavaThread "Equinox resolver thread - Equinox Container: 641f2e64-fa0d-46f4-8feb-b933c1827749" daemon [_thread_blocked, id=8032, stack(0x000000f093c00000,0x000000f093d00000)]
  0x0000023596c15eb0 JavaThread "Equinox resolver thread - Equinox Container: 641f2e64-fa0d-46f4-8feb-b933c1827749" daemon [_thread_blocked, id=17336, stack(0x000000f093d00000,0x000000f093e00000)]
  0x0000023596c16d20 JavaThread "Equinox resolver thread - Equinox Container: 641f2e64-fa0d-46f4-8feb-b933c1827749" daemon [_thread_blocked, id=12924, stack(0x000000f093e00000,0x000000f093f00000)]
  0x0000023596c19870 JavaThread "Equinox resolver thread - Equinox Container: 641f2e64-fa0d-46f4-8feb-b933c1827749" daemon [_thread_blocked, id=8960, stack(0x000000f093f00000,0x000000f094000000)]
  0x0000023596c16850 JavaThread "Equinox resolver thread - Equinox Container: 641f2e64-fa0d-46f4-8feb-b933c1827749" daemon [_thread_blocked, id=2708, stack(0x000000f094000000,0x000000f094100000)]
  0x0000023596c176c0 JavaThread "Active Thread: Equinox Container: 641f2e64-fa0d-46f4-8feb-b933c1827749" [_thread_blocked, id=9328, stack(0x000000f094100000,0x000000f094200000)]
  0x0000023596c18530 JavaThread "Framework Event Dispatcher: Equinox Container: 641f2e64-fa0d-46f4-8feb-b933c1827749" daemon [_thread_blocked, id=9760, stack(0x000000f094200000,0x000000f094300000)]
=>0x0000023596c18060 JavaThread "Start Level: Equinox Container: 641f2e64-fa0d-46f4-8feb-b933c1827749" daemon [_thread_in_vm, id=15328, stack(0x000000f094300000,0x000000f094400000)]
  0x0000023596c18ed0 JavaThread "Refresh Thread: Equinox Container: 641f2e64-fa0d-46f4-8feb-b933c1827749" daemon [_thread_blocked, id=2944, stack(0x000000f094500000,0x000000f094600000)]
  0x000002359ba74df0 JavaThread "Equinox resolver thread - Equinox Container: 641f2e64-fa0d-46f4-8feb-b933c1827749" daemon [_thread_blocked, id=18804, stack(0x000000f094600000,0x000000f094700000)]
  0x000002359ba77e10 JavaThread "Equinox resolver thread - Equinox Container: 641f2e64-fa0d-46f4-8feb-b933c1827749" daemon [_thread_blocked, id=13688, stack(0x000000f094700000,0x000000f094800000)]
  0x000002359ba71900 JavaThread "SCR Component Actor" daemon [_thread_blocked, id=20124, stack(0x000000f094800000,0x000000f094900000)]
  0x000002359ba75c60 JavaThread "SCR Component Registry" daemon [_thread_blocked, id=516, stack(0x000000f094900000,0x000000f094a00000)]
  0x000002359bb5b1c0 JavaThread "C2 CompilerThread1" daemon [_thread_in_native, id=19192, stack(0x000000f093200000,0x000000f093300000)]
  0x000002359ba76ad0 JavaThread "Worker-JM" [_thread_blocked, id=3976, stack(0x000000f094a00000,0x000000f094b00000)]
  0x000002359ba722a0 JavaThread "Worker-0" [_thread_blocked, id=12308, stack(0x000000f094b00000,0x000000f094c00000)]
  0x000002359ba76130 JavaThread "Worker-1" [_thread_blocked, id=8932, stack(0x000000f094c00000,0x000000f094d00000)]

Other Threads:
  0x00000235fd023820 VMThread "VM Thread" [stack: 0x000000f092700000,0x000000f092800000] [id=9372]
  0x0000023596d14430 WatcherThread [stack: 0x000000f093400000,0x000000f093500000] [id=18332]
  0x00000235fadb3000 GCTaskThread "GC Thread#0" [stack: 0x000000f092600000,0x000000f092700000] [id=16492]
  0x000002359b39b3e0 GCTaskThread "GC Thread#1" [stack: 0x000000f093500000,0x000000f093600000] [id=14960]
  0x000002359b18d580 GCTaskThread "GC Thread#2" [stack: 0x000000f093600000,0x000000f093700000] [id=15740]
  0x000002359b18d830 GCTaskThread "GC Thread#3" [stack: 0x000000f093700000,0x000000f093800000] [id=22196]
  0x000002359b18dae0 GCTaskThread "GC Thread#4" [stack: 0x000000f093800000,0x000000f093900000] [id=21556]
  0x000002359b482cf0 GCTaskThread "GC Thread#5" [stack: 0x000000f093900000,0x000000f093a00000] [id=6164]
  0x000002359b482fa0 GCTaskThread "GC Thread#6" [stack: 0x000000f093a00000,0x000000f093b00000] [id=3752]
  0x000002359b39cde0 GCTaskThread "GC Thread#7" [stack: 0x000000f094400000,0x000000f094500000] [id=3368]

Threads with active compile tasks:
C2 CompilerThread0     1921 2648       4       lombok.patcher.PatchScript$MethodPatcher::visitMethod (158 bytes)
C2 CompilerThread1     1921 2638       4       org.objectweb.asm.ClassReader::readMethod (1066 bytes)

VM state: not at safepoint (normal execution)

VM Mutex/Monitor currently owned by a thread:  ([mutex/lock_event])
[0x00000235f8c53f00] Metaspace_lock - owner thread: 0x0000023596c18060

Heap address: 0x00000000c0000000, size: 1024 MB, Compressed Oops mode: 32-bit

CDS archive(s) mapped at: [0x0000000800000000-0x0000000800bc0000-0x0000000800bc0000), size 12320768, SharedBaseAddress: 0x0000000800000000, ArchiveRelocationMode: 0.
Compressed class space mapped at: 0x0000000801000000-0x0000000841000000, reserved size: 1073741824
Narrow klass base: 0x0000000800000000, Narrow klass shift: 0, Narrow klass range: 0x100000000

GC Precious Log:
 CPUs: 8 total, 8 available
 Memory: 7975M
 Large Page Support: Disabled
 NUMA Support: Disabled
 Compressed Oops: Enabled (32-bit)
 Alignments: Space 512K, Generation 512K, Heap 2M
 Heap Min Capacity: 100M
 Heap Initial Capacity: 100M
 Heap Max Capacity: 1G
 Pre-touch: Disabled
 Parallel Workers: 8

Heap:
 PSYoungGen      total 29696K, used 12984K [0x00000000eab00000, 0x00000000ecc00000, 0x0000000100000000)
  eden space 25600K, 34% used [0x00000000eab00000,0x00000000eb3b4310,0x00000000ec400000)
  from space 4096K, 99% used [0x00000000ec400000,0x00000000ec7f9ec0,0x00000000ec800000)
  to   space 4096K, 0% used [0x00000000ec800000,0x00000000ec800000,0x00000000ecc00000)
 ParOldGen       total 68608K, used 4714K [0x00000000c0000000, 0x00000000c4300000, 0x00000000eab00000)
  object space 68608K, 6% used [0x00000000c0000000,0x00000000c049aba0,0x00000000c4300000)
 Metaspace       used 19274K, committed 19712K, reserved 1114112K
  class space    used 1789K, committed 1984K, reserved 1048576K

Card table byte_map: [0x00000235fa740000,0x00000235fa950000] _byte_map_base: 0x00000235fa140000

Marking Bits: (ParMarkBitMap*) 0x00007fff727452c0
 Begin Bits: [0x00000235fae60000, 0x00000235fbe60000)
 End Bits:   [0x00000235fbe60000, 0x00000235fce60000)

Polling page: 0x00000235f8bf0000

Metaspace:

Usage:
  Non-class:     17.08 MB used.
      Class:      1.75 MB used.
       Both:     18.82 MB used.

Virtual space:
  Non-class space:       64.00 MB reserved,      17.31 MB ( 27%) committed,  1 nodes.
      Class space:        1.00 GB reserved,       1.94 MB ( <1%) committed,  1 nodes.
             Both:        1.06 GB reserved,      19.25 MB (  2%) committed. 

Chunk freelists:
   Non-Class:  13.73 MB
       Class:  14.08 MB
        Both:  27.81 MB

MaxMetaspaceSize: unlimited
CompressedClassSpaceSize: 1.00 GB
Initial GC threshold: 21.00 MB
Current GC threshold: 21.00 MB
CDS: on
MetaspaceReclaimPolicy: balanced
 - commit_granule_bytes: 65536.
 - commit_granule_words: 8192.
 - virtual_space_node_default_size: 8388608.
 - enlarge_chunks_in_place: 1.
 - new_chunks_are_fully_committed: 0.
 - uncommit_free_chunks: 1.
 - use_allocation_guard: 0.
 - handle_deallocations: 1.


Internal statistics:

num_allocs_failed_limit: 0.
num_arena_births: 188.
num_arena_deaths: 0.
num_vsnodes_births: 2.
num_vsnodes_deaths: 0.
num_space_committed: 308.
num_space_uncommitted: 0.
num_chunks_returned_to_freelist: 0.
num_chunks_taken_from_freelist: 835.
num_chunk_merges: 0.
num_chunk_splits: 568.
num_chunks_enlarged: 415.
num_inconsistent_stats: 0.

CodeHeap 'non-profiled nmethods': size=120000Kb used=1007Kb max_used=1007Kb free=118993Kb
 bounds [0x000002358f4f0000, 0x000002358f760000, 0x0000023596a20000]
CodeHeap 'profiled nmethods': size=120000Kb used=5513Kb max_used=5513Kb free=114486Kb
 bounds [0x0000023587a20000, 0x0000023587f90000, 0x000002358ef50000]
CodeHeap 'non-nmethods': size=5760Kb used=1234Kb max_used=1249Kb free=4525Kb
 bounds [0x000002358ef50000, 0x000002358f1c0000, 0x000002358f4f0000]
 total_blobs=3173 nmethods=2645 adapters=442
 compilation: enabled
              stopped_count=0, restarted_count=0
 full_count=0

Compilation events (20 events):
Event: 1.897 Thread 0x00000235fd0478c0 2634       3       java.lang.String::split (7 bytes)
Event: 1.897 Thread 0x00000235fd0478c0 nmethod 2634 0x0000023587f7bf10 code [0x0000023587f7c0a0, 0x0000023587f7c1e8]
Event: 1.897 Thread 0x00000235fd0478c0 2641       3       org.objectweb.asm.SymbolTable::put (150 bytes)
Event: 1.897 Thread 0x00000235fd0478c0 nmethod 2641 0x0000023587f7c290 code [0x0000023587f7c460, 0x0000023587f7cbb8]
Event: 1.897 Thread 0x00000235fd0478c0 2642       3       org.objectweb.asm.ClassReader::readLong (29 bytes)
Event: 1.897 Thread 0x00000235fd0478c0 nmethod 2642 0x0000023587f7ce90 code [0x0000023587f7d040, 0x0000023587f7d1f8]
Event: 1.897 Thread 0x00000235fd0478c0 2643       3       org.objectweb.asm.SymbolTable::hash (14 bytes)
Event: 1.897 Thread 0x00000235fd0478c0 nmethod 2643 0x0000023587f7d310 code [0x0000023587f7d4a0, 0x0000023587f7d598]
Event: 1.897 Thread 0x00000235fd0478c0 2644 %     3       org.objectweb.asm.SymbolTable::<init> @ 98 (536 bytes)
Event: 1.898 Thread 0x00000235fd046f10 nmethod 2637 0x000002358f5ea190 code [0x000002358f5ea320, 0x000002358f5ea778]
Event: 1.898 Thread 0x00000235fd046f10 2639       4       org.objectweb.asm.MethodVisitor::<init> (94 bytes)
Event: 1.898 Thread 0x00000235fd046f10 nmethod 2639 0x000002358f5eaa90 code [0x000002358f5eac00, 0x000002358f5eacb8]
Event: 1.898 Thread 0x00000235fd046f10 2645       4       org.objectweb.asm.Type::getArgumentsAndReturnSizes (140 bytes)
Event: 1.900 Thread 0x00000235fd0478c0 nmethod 2644% 0x0000023587f7d610 code [0x0000023587f7dbc0, 0x0000023587f80808]
Event: 1.900 Thread 0x00000235fd0478c0 2646       3       java.util.Arrays::fill (21 bytes)
Event: 1.900 Thread 0x00000235fd0478c0 nmethod 2646 0x0000023587f81990 code [0x0000023587f81b20, 0x0000023587f81cd8]
Event: 1.900 Thread 0x00000235fd0478c0 2647       3       java.lang.String::subSequence (7 bytes)
Event: 1.900 Thread 0x00000235fd0478c0 nmethod 2647 0x0000023587f81e10 code [0x0000023587f81fa0, 0x0000023587f820e8]
Event: 1.905 Thread 0x00000235fd0478c0 2651       2       java.lang.AbstractStringBuilder::<init> (63 bytes)
Event: 1.905 Thread 0x00000235fd0478c0 nmethod 2651 0x0000023587f82190 code [0x0000023587f82340, 0x0000023587f825b8]

GC Heap History (10 events):
Event: 0.560 GC heap before
{Heap before GC invocations=1 (full 0):
 PSYoungGen      total 29696K, used 25600K [0x00000000eab00000, 0x00000000ecc00000, 0x0000000100000000)
  eden space 25600K, 100% used [0x00000000eab00000,0x00000000ec400000,0x00000000ec400000)
  from space 4096K, 0% used [0x00000000ec800000,0x00000000ec800000,0x00000000ecc00000)
  to   space 4096K, 0% used [0x00000000ec400000,0x00000000ec400000,0x00000000ec800000)
 ParOldGen       total 68608K, used 0K [0x00000000c0000000, 0x00000000c4300000, 0x00000000eab00000)
  object space 68608K, 0% used [0x00000000c0000000,0x00000000c0000000,0x00000000c4300000)
 Metaspace       used 5052K, committed 5184K, reserved 1114112K
  class space    used 484K, committed 576K, reserved 1048576K
}
Event: 0.566 GC heap after
{Heap after GC invocations=1 (full 0):
 PSYoungGen      total 29696K, used 3144K [0x00000000eab00000, 0x00000000ecc00000, 0x0000000100000000)
  eden space 25600K, 0% used [0x00000000eab00000,0x00000000eab00000,0x00000000ec400000)
  from space 4096K, 76% used [0x00000000ec400000,0x00000000ec7123a8,0x00000000ec800000)
  to   space 4096K, 0% used [0x00000000ec800000,0x00000000ec800000,0x00000000ecc00000)
 ParOldGen       total 68608K, used 16K [0x00000000c0000000, 0x00000000c4300000, 0x00000000eab00000)
  object space 68608K, 0% used [0x00000000c0000000,0x00000000c0004000,0x00000000c4300000)
 Metaspace       used 5052K, committed 5184K, reserved 1114112K
  class space    used 484K, committed 576K, reserved 1048576K
}
Event: 0.972 GC heap before
{Heap before GC invocations=2 (full 0):
 PSYoungGen      total 29696K, used 28744K [0x00000000eab00000, 0x00000000ecc00000, 0x0000000100000000)
  eden space 25600K, 100% used [0x00000000eab00000,0x00000000ec400000,0x00000000ec400000)
  from space 4096K, 76% used [0x00000000ec400000,0x00000000ec7123a8,0x00000000ec800000)
  to   space 4096K, 0% used [0x00000000ec800000,0x00000000ec800000,0x00000000ecc00000)
 ParOldGen       total 68608K, used 16K [0x00000000c0000000, 0x00000000c4300000, 0x00000000eab00000)
  object space 68608K, 0% used [0x00000000c0000000,0x00000000c0004000,0x00000000c4300000)
 Metaspace       used 7815K, committed 8000K, reserved 1114112K
  class space    used 753K, committed 832K, reserved 1048576K
}
Event: 0.976 GC heap after
{Heap after GC invocations=2 (full 0):
 PSYoungGen      total 29696K, used 4065K [0x00000000eab00000, 0x00000000ecc00000, 0x0000000100000000)
  eden space 25600K, 0% used [0x00000000eab00000,0x00000000eab00000,0x00000000ec400000)
  from space 4096K, 99% used [0x00000000ec800000,0x00000000ecbf8548,0x00000000ecc00000)
  to   space 4096K, 0% used [0x00000000ec400000,0x00000000ec400000,0x00000000ec800000)
 ParOldGen       total 68608K, used 872K [0x00000000c0000000, 0x00000000c4300000, 0x00000000eab00000)
  object space 68608K, 1% used [0x00000000c0000000,0x00000000c00da340,0x00000000c4300000)
 Metaspace       used 7815K, committed 8000K, reserved 1114112K
  class space    used 753K, committed 832K, reserved 1048576K
}
Event: 1.273 GC heap before
{Heap before GC invocations=3 (full 0):
 PSYoungGen      total 29696K, used 29665K [0x00000000eab00000, 0x00000000ecc00000, 0x0000000100000000)
  eden space 25600K, 100% used [0x00000000eab00000,0x00000000ec400000,0x00000000ec400000)
  from space 4096K, 99% used [0x00000000ec800000,0x00000000ecbf8548,0x00000000ecc00000)
  to   space 4096K, 0% used [0x00000000ec400000,0x00000000ec400000,0x00000000ec800000)
 ParOldGen       total 68608K, used 872K [0x00000000c0000000, 0x00000000c4300000, 0x00000000eab00000)
  object space 68608K, 1% used [0x00000000c0000000,0x00000000c00da340,0x00000000c4300000)
 Metaspace       used 10373K, committed 10624K, reserved 1114112K
  class space    used 1022K, committed 1152K, reserved 1048576K
}
Event: 1.277 GC heap after
{Heap after GC invocations=3 (full 0):
 PSYoungGen      total 29696K, used 4085K [0x00000000eab00000, 0x00000000ecc00000, 0x0000000100000000)
  eden space 25600K, 0% used [0x00000000eab00000,0x00000000eab00000,0x00000000ec400000)
  from space 4096K, 99% used [0x00000000ec400000,0x00000000ec7fd448,0x00000000ec800000)
  to   space 4096K, 0% used [0x00000000ec800000,0x00000000ec800000,0x00000000ecc00000)
 ParOldGen       total 68608K, used 2779K [0x00000000c0000000, 0x00000000c4300000, 0x00000000eab00000)
  object space 68608K, 4% used [0x00000000c0000000,0x00000000c02b6ea0,0x00000000c4300000)
 Metaspace       used 10373K, committed 10624K, reserved 1114112K
  class space    used 1022K, committed 1152K, reserved 1048576K
}
Event: 1.666 GC heap before
{Heap before GC invocations=4 (full 0):
 PSYoungGen      total 29696K, used 29685K [0x00000000eab00000, 0x00000000ecc00000, 0x0000000100000000)
  eden space 25600K, 100% used [0x00000000eab00000,0x00000000ec400000,0x00000000ec400000)
  from space 4096K, 99% used [0x00000000ec400000,0x00000000ec7fd448,0x00000000ec800000)
  to   space 4096K, 0% used [0x00000000ec800000,0x00000000ec800000,0x00000000ecc00000)
 ParOldGen       total 68608K, used 2779K [0x00000000c0000000, 0x00000000c4300000, 0x00000000eab00000)
  object space 68608K, 4% used [0x00000000c0000000,0x00000000c02b6ea0,0x00000000c4300000)
 Metaspace       used 14435K, committed 14784K, reserved 1114112K
  class space    used 1421K, committed 1536K, reserved 1048576K
}
Event: 1.669 GC heap after
{Heap after GC invocations=4 (full 0):
 PSYoungGen      total 29696K, used 4074K [0x00000000eab00000, 0x00000000ecc00000, 0x0000000100000000)
  eden space 25600K, 0% used [0x00000000eab00000,0x00000000eab00000,0x00000000ec400000)
  from space 4096K, 99% used [0x00000000ec800000,0x00000000ecbfabb8,0x00000000ecc00000)
  to   space 4096K, 0% used [0x00000000ec400000,0x00000000ec400000,0x00000000ec800000)
 ParOldGen       total 68608K, used 4454K [0x00000000c0000000, 0x00000000c4300000, 0x00000000eab00000)
  object space 68608K, 6% used [0x00000000c0000000,0x00000000c04599c0,0x00000000c4300000)
 Metaspace       used 14435K, committed 14784K, reserved 1114112K
  class space    used 1421K, committed 1536K, reserved 1048576K
}
Event: 1.839 GC heap before
{Heap before GC invocations=5 (full 0):
 PSYoungGen      total 29696K, used 29674K [0x00000000eab00000, 0x00000000ecc00000, 0x0000000100000000)
  eden space 25600K, 100% used [0x00000000eab00000,0x00000000ec400000,0x00000000ec400000)
  from space 4096K, 99% used [0x00000000ec800000,0x00000000ecbfabb8,0x00000000ecc00000)
  to   space 4096K, 0% used [0x00000000ec400000,0x00000000ec400000,0x00000000ec800000)
 ParOldGen       total 68608K, used 4454K [0x00000000c0000000, 0x00000000c4300000, 0x00000000eab00000)
  object space 68608K, 6% used [0x00000000c0000000,0x00000000c04599c0,0x00000000c4300000)
 Metaspace       used 18032K, committed 18560K, reserved 1114112K
  class space    used 1690K, committed 1920K, reserved 1048576K
}
Event: 1.841 GC heap after
{Heap after GC invocations=5 (full 0):
 PSYoungGen      total 29696K, used 4071K [0x00000000eab00000, 0x00000000ecc00000, 0x0000000100000000)
  eden space 25600K, 0% used [0x00000000eab00000,0x00000000eab00000,0x00000000ec400000)
  from space 4096K, 99% used [0x00000000ec400000,0x00000000ec7f9ec0,0x00000000ec800000)
  to   space 4096K, 0% used [0x00000000ec800000,0x00000000ec800000,0x00000000ecc00000)
 ParOldGen       total 68608K, used 4714K [0x00000000c0000000, 0x00000000c4300000, 0x00000000eab00000)
  object space 68608K, 6% used [0x00000000c0000000,0x00000000c049aba0,0x00000000c4300000)
 Metaspace       used 18032K, committed 18560K, reserved 1114112K
  class space    used 1690K, committed 1920K, reserved 1048576K
}

Dll operation events (10 events):
Event: 0.010 Loaded shared library c:\Users\kogil\AppData\Roaming\Code\User\globalStorage\pleiades.java-extension-pack-jdk\java\17\bin\java.dll
Event: 0.019 Loaded shared library c:\Users\kogil\AppData\Roaming\Code\User\globalStorage\pleiades.java-extension-pack-jdk\java\17\bin\jsvml.dll
Event: 0.081 Loaded shared library c:\Users\kogil\AppData\Roaming\Code\User\globalStorage\pleiades.java-extension-pack-jdk\java\17\bin\zip.dll
Event: 0.084 Loaded shared library C:\Users\kogil\AppData\Roaming\Code\User\globalStorage\pleiades.java-extension-pack-jdk\java\17\bin\instrument.dll
Event: 0.090 Loaded shared library C:\Users\kogil\AppData\Roaming\Code\User\globalStorage\pleiades.java-extension-pack-jdk\java\17\bin\net.dll
Event: 0.091 Loaded shared library C:\Users\kogil\AppData\Roaming\Code\User\globalStorage\pleiades.java-extension-pack-jdk\java\17\bin\nio.dll
Event: 0.094 Loaded shared library C:\Users\kogil\AppData\Roaming\Code\User\globalStorage\pleiades.java-extension-pack-jdk\java\17\bin\zip.dll
Event: 0.104 Loaded shared library C:\Users\kogil\AppData\Roaming\Code\User\globalStorage\pleiades.java-extension-pack-jdk\java\17\bin\jimage.dll
Event: 0.141 Loaded shared library c:\Users\kogil\AppData\Roaming\Code\User\globalStorage\pleiades.java-extension-pack-jdk\java\17\bin\verify.dll
Event: 1.047 Loaded shared library C:\Users\kogil\AppData\Roaming\Code\User\globalStorage\redhat.java\1.20.0\config_ss_win\org.eclipse.equinox.launcher\org.eclipse.equinox.launcher.win32.win32.x86_64_1.2.700.v20221108-1024\eclipse_11801.dll

Deoptimization events (20 events):
Event: 1.411 Thread 0x0000023596c18060 DEOPT PACKING pc=0x000002358f540d84 sp=0x000000f0943f8200
Event: 1.411 Thread 0x0000023596c18060 DEOPT UNPACKING pc=0x000002358efa9ea3 sp=0x000000f0943f8198 mode 2
Event: 1.412 Thread 0x0000023596c18060 DEOPT PACKING pc=0x0000023587e33866 sp=0x000000f0943f8940
Event: 1.412 Thread 0x0000023596c18060 DEOPT UNPACKING pc=0x000002358efaa9e3 sp=0x000000f0943f7e00 mode 0
Event: 1.429 Thread 0x0000023596c18060 Uncommon trap: trap_request=0xffffffcc fr.pc=0x000002358f5b59e8 relative=0x0000000000000348
Event: 1.429 Thread 0x0000023596c18060 Uncommon trap: reason=intrinsic_or_type_checked_inlining action=make_not_entrant pc=0x000002358f5b59e8 method=java.util.Arrays.copyOf([Ljava/lang/Object;ILjava/lang/Class;)[Ljava/lang/Object; @ 35 c2
Event: 1.429 Thread 0x0000023596c18060 DEOPT PACKING pc=0x000002358f5b59e8 sp=0x000000f0943fbdc0
Event: 1.429 Thread 0x0000023596c18060 DEOPT UNPACKING pc=0x000002358efa9ea3 sp=0x000000f0943fbd50 mode 2
Event: 1.457 Thread 0x0000023596c18060 Uncommon trap: trap_request=0xffffff45 fr.pc=0x000002358f5bdc48 relative=0x0000000000000408
Event: 1.457 Thread 0x0000023596c18060 Uncommon trap: reason=unstable_if action=reinterpret pc=0x000002358f5bdc48 method=com.sun.org.apache.xerces.internal.impl.XMLEntityScanner.scanLiteral(ILcom/sun/org/apache/xerces/internal/xni/XMLString;Z)I @ 299 c2
Event: 1.457 Thread 0x0000023596c18060 DEOPT PACKING pc=0x000002358f5bdc48 sp=0x000000f0943fda80
Event: 1.457 Thread 0x0000023596c18060 DEOPT UNPACKING pc=0x000002358efa9ea3 sp=0x000000f0943fda10 mode 2
Event: 1.477 Thread 0x0000023596c18060 Uncommon trap: trap_request=0xffffffdc fr.pc=0x000002358f5c6cd0 relative=0x00000000000004f0
Event: 1.477 Thread 0x0000023596c18060 Uncommon trap: reason=class_check action=make_not_entrant pc=0x000002358f5c6cd0 method=java.util.ArrayList.toArray([Ljava/lang/Object;)[Ljava/lang/Object; @ 21 c2
Event: 1.477 Thread 0x0000023596c18060 DEOPT PACKING pc=0x000002358f5c6cd0 sp=0x000000f0943fcc30
Event: 1.477 Thread 0x0000023596c18060 DEOPT UNPACKING pc=0x000002358efa9ea3 sp=0x000000f0943fcba8 mode 2
Event: 1.556 Thread 0x0000023596c18060 Uncommon trap: trap_request=0xffffff45 fr.pc=0x000002358f52272c relative=0x0000000000000c0c
Event: 1.556 Thread 0x0000023596c18060 Uncommon trap: reason=unstable_if action=reinterpret pc=0x000002358f52272c method=lombok.patcher.PatchScript.classMatches(Ljava/lang/String;Ljava/util/Collection;)Z @ 25 c2
Event: 1.556 Thread 0x0000023596c18060 DEOPT PACKING pc=0x000002358f52272c sp=0x000000f0943f7030
Event: 1.556 Thread 0x0000023596c18060 DEOPT UNPACKING pc=0x000002358efa9ea3 sp=0x000000f0943f6ff0 mode 2

Classes unloaded (0 events):
No events

Classes redefined (0 events):
No events

Internal exceptions (20 events):
Event: 1.571 Thread 0x0000023596c18060 Exception <a 'java/lang/NoSuchMethodError'{0x00000000ebe62298}: 'java.lang.Object java.lang.invoke.DelegatingMethodHandle$Holder.reinvoke_L(java.lang.Object, java.lang.Object, java.lang.Object, java.lang.Object, int, int)'> (0x00000000ebe62298) 
thrown [s\src\hotspot\share\interpreter\linkResolver.cpp, line 759]
Event: 1.572 Thread 0x0000023596c18060 Exception <a 'java/lang/NoSuchMethodError'{0x00000000ebe7a058}: 'java.lang.Object java.lang.invoke.Invokers$Holder.invokeExact_MT(java.lang.Object, java.lang.Object, java.lang.Object, java.lang.Object)'> (0x00000000ebe7a058) 
thrown [s\src\hotspot\share\interpreter\linkResolver.cpp, line 759]
Event: 1.612 Thread 0x0000023596c18060 Exception <a 'java/lang/NoSuchMethodError'{0x00000000ebf882a8}: 'void java.lang.invoke.DirectMethodHandle$Holder.invokeSpecial(java.lang.Object, java.lang.Object, java.lang.Object)'> (0x00000000ebf882a8) 
thrown [s\src\hotspot\share\interpreter\linkResolver.cpp, line 759]
Event: 1.613 Thread 0x0000023596c18060 Exception <a 'java/io/FileNotFoundException'{0x00000000ebf96f70}> (0x00000000ebf96f70) 
thrown [s\src\hotspot\share\prims\jni.cpp, line 516]
Event: 1.638 Thread 0x0000023596c18060 Exception <a 'java/lang/NoSuchMethodError'{0x00000000ec211530}: 'java.lang.Object java.lang.invoke.DirectMethodHandle$Holder.newInvokeSpecial(java.lang.Object, java.lang.Object, java.lang.Object, java.lang.Object, java.lang.Object)'> (0x00000000ec211530) 
thrown [s\src\hotspot\share\interpreter\linkResolver.cpp, line 759]
Event: 1.649 Thread 0x0000023596c18060 Exception <a 'java/lang/NoSuchMethodError'{0x00000000ec2f1118}: 'java.lang.Object java.lang.invoke.DirectMethodHandle$Holder.invokeSpecial(java.lang.Object, java.lang.Object, java.lang.Object, long, java.lang.Object)'> (0x00000000ec2f1118) 
thrown [s\src\hotspot\share\interpreter\linkResolver.cpp, line 759]
Event: 1.650 Thread 0x0000023596c18060 Exception <a 'java/lang/NoSuchMethodError'{0x00000000ec2f98a8}: 'java.lang.Object java.lang.invoke.DirectMethodHandle$Holder.newInvokeSpecial(java.lang.Object, java.lang.Object, java.lang.Object, long)'> (0x00000000ec2f98a8) 
thrown [s\src\hotspot\share\interpreter\linkResolver.cpp, line 759]
Event: 1.650 Thread 0x0000023596c18060 Exception <a 'java/lang/NoSuchMethodError'{0x00000000ec2fde48}: 'java.lang.Object java.lang.invoke.DirectMethodHandle$Holder.invokeSpecial(java.lang.Object, java.lang.Object, java.lang.Object, java.lang.Object, long)'> (0x00000000ec2fde48) 
thrown [s\src\hotspot\share\interpreter\linkResolver.cpp, line 759]
Event: 1.662 Thread 0x0000023596c18060 Exception <a 'java/lang/IncompatibleClassChangeError'{0x00000000ec3dc3a0}: Found class java.lang.Object, but interface was expected> (0x00000000ec3dc3a0) 
thrown [s\src\hotspot\share\interpreter\linkResolver.cpp, line 826]
Event: 1.663 Thread 0x0000023596c18060 Exception <a 'java/lang/NoSuchMethodError'{0x00000000ec3e0240}: 'java.lang.Object java.lang.invoke.DirectMethodHandle$Holder.invokeSpecial(java.lang.Object, java.lang.Object, java.lang.Object, int, java.lang.Object, java.lang.Object)'> (0x00000000ec3e0240) 
thrown [s\src\hotspot\share\interpreter\linkResolver.cpp, line 759]
Event: 1.664 Thread 0x0000023596c18060 Exception <a 'java/lang/NoSuchMethodError'{0x00000000ec3e89c8}: 'java.lang.Object java.lang.invoke.DirectMethodHandle$Holder.newInvokeSpecial(java.lang.Object, java.lang.Object, java.lang.Object, int, java.lang.Object)'> (0x00000000ec3e89c8) 
thrown [s\src\hotspot\share\interpreter\linkResolver.cpp, line 759]
Event: 1.664 Thread 0x0000023596c18060 Exception <a 'java/lang/NoSuchMethodError'{0x00000000ec3ed078}: 'java.lang.Object java.lang.invoke.DirectMethodHandle$Holder.invokeSpecial(java.lang.Object, java.lang.Object, java.lang.Object, java.lang.Object, int, java.lang.Object)'> (0x00000000ec3ed078) 
thrown [s\src\hotspot\share\interpreter\linkResolver.cpp, line 759]
Event: 1.664 Thread 0x0000023596c18060 Exception <a 'java/lang/NoSuchMethodError'{0x00000000ec3f0e08}: 'java.lang.Object java.lang.invoke.Invokers$Holder.linkToTargetMethod(java.lang.Object, java.lang.Object, int, java.lang.Object, java.lang.Object)'> (0x00000000ec3f0e08) 
thrown [s\src\hotspot\share\interpreter\linkResolver.cpp, line 759]
Event: 1.665 Thread 0x000002359ba722a0 Exception <a 'java/lang/NoSuchMethodError'{0x00000000ec31c638}: 'java.lang.Object java.lang.invoke.DirectMethodHandle$Holder.invokeSpecial(java.lang.Object, java.lang.Object, int, java.lang.Object, java.lang.Object)'> (0x00000000ec31c638) 
thrown [s\src\hotspot\share\interpreter\linkResolver.cpp, line 759]
Event: 1.665 Thread 0x000002359ba722a0 Exception <a 'java/lang/NoSuchMethodError'{0x00000000ec323d08}: 'java.lang.Object java.lang.invoke.DirectMethodHandle$Holder.newInvokeSpecial(java.lang.Object, java.lang.Object, int, java.lang.Object)'> (0x00000000ec323d08) 
thrown [s\src\hotspot\share\interpreter\linkResolver.cpp, line 759]
Event: 1.666 Thread 0x000002359ba722a0 Exception <a 'java/lang/NoSuchMethodError'{0x00000000ec327818}: 'java.lang.Object java.lang.invoke.DirectMethodHandle$Holder.invokeSpecial(java.lang.Object, java.lang.Object, java.lang.Object, int, java.lang.Object)'> (0x00000000ec327818) 
thrown [s\src\hotspot\share\interpreter\linkResolver.cpp, line 759]
Event: 1.770 Thread 0x0000023596c18060 Exception <a 'java/io/FileNotFoundException'{0x00000000ebb5c898}> (0x00000000ebb5c898) 
thrown [s\src\hotspot\share\prims\jni.cpp, line 516]
Event: 1.770 Thread 0x0000023596c18060 Exception <a 'java/io/FileNotFoundException'{0x00000000ebb5d6b0}> (0x00000000ebb5d6b0) 
thrown [s\src\hotspot\share\prims\jni.cpp, line 516]
Event: 1.770 Thread 0x0000023596c18060 Exception <a 'java/io/FileNotFoundException'{0x00000000ebb5e4d0}> (0x00000000ebb5e4d0) 
thrown [s\src\hotspot\share\prims\jni.cpp, line 516]
Event: 1.844 Thread 0x0000023596c18060 Exception <a 'java/lang/NoSuchMethodError'{0x00000000eab17cf8}: 'int java.lang.invoke.DirectMethodHandle$Holder.invokeStaticInit(java.lang.Object, java.lang.Object, java.lang.Object)'> (0x00000000eab17cf8) 
thrown [s\src\hotspot\share\interpreter\linkResolver.cpp, line 759]

VM Operations (20 events):
Event: 1.078 Executing VM operation: HandshakeAllThreads
Event: 1.078 Executing VM operation: HandshakeAllThreads done
Event: 1.193 Executing VM operation: HandshakeAllThreads
Event: 1.193 Executing VM operation: HandshakeAllThreads done
Event: 1.211 Executing VM operation: ICBufferFull
Event: 1.211 Executing VM operation: ICBufferFull done
Event: 1.273 Executing VM operation: ParallelGCFailedAllocation
Event: 1.277 Executing VM operation: ParallelGCFailedAllocation done
Event: 1.497 Executing VM operation: HandshakeAllThreads
Event: 1.497 Executing VM operation: HandshakeAllThreads done
Event: 1.566 Executing VM operation: HandshakeAllThreads
Event: 1.566 Executing VM operation: HandshakeAllThreads done
Event: 1.666 Executing VM operation: ParallelGCFailedAllocation
Event: 1.669 Executing VM operation: ParallelGCFailedAllocation done
Event: 1.676 Executing VM operation: HandshakeAllThreads
Event: 1.676 Executing VM operation: HandshakeAllThreads done
Event: 1.833 Executing VM operation: HandshakeAllThreads
Event: 1.833 Executing VM operation: HandshakeAllThreads done
Event: 1.839 Executing VM operation: ParallelGCFailedAllocation
Event: 1.841 Executing VM operation: ParallelGCFailedAllocation done

Events (20 events):
Event: 1.697 loading class java/util/zip/GZIPOutputStream
Event: 1.697 loading class java/util/zip/GZIPOutputStream done
Event: 1.698 loading class java/util/zip/GZIPInputStream
Event: 1.698 loading class java/util/zip/GZIPInputStream done
Event: 1.709 loading class java/io/StringReader
Event: 1.709 loading class java/io/StringReader done
Event: 1.714 loading class java/net/SocketTimeoutException
Event: 1.714 loading class java/io/InterruptedIOException
Event: 1.714 loading class java/io/InterruptedIOException done
Event: 1.714 loading class java/net/SocketTimeoutException done
Event: 1.714 loading class java/net/SocketException
Event: 1.714 loading class java/net/SocketException done
Event: 1.714 loading class java/net/UnknownHostException
Event: 1.714 loading class java/net/UnknownHostException done
Event: 1.714 loading class java/net/ProtocolException
Event: 1.714 loading class java/net/ProtocolException done
Event: 1.731 loading class java/io/FileWriter
Event: 1.731 loading class java/io/FileWriter done
Event: 1.731 loading class java/lang/NegativeArraySizeException
Event: 1.731 loading class java/lang/NegativeArraySizeException done


Dynamic libraries:
0x00007ff6bff60000 - 0x00007ff6bff6e000 	c:\Users\kogil\AppData\Roaming\Code\User\globalStorage\pleiades.java-extension-pack-jdk\java\17\bin\java.exe
0x00007fffee830000 - 0x00007fffeea28000 	C:\Windows\SYSTEM32\ntdll.dll
0x00007fffeca50000 - 0x00007fffecb0f000 	C:\Windows\System32\KERNEL32.DLL
0x00007fffec210000 - 0x00007fffec506000 	C:\Windows\System32\KERNELBASE.dll
0x00007fffe9310000 - 0x00007fffe93a1000 	C:\Windows\SYSTEM32\apphelp.dll
0x00007fffec5b0000 - 0x00007fffec6b0000 	C:\Windows\System32\ucrtbase.dll
0x00007fffd3720000 - 0x00007fffd3737000 	c:\Users\kogil\AppData\Roaming\Code\User\globalStorage\pleiades.java-extension-pack-jdk\java\17\bin\jli.dll
0x00007fffcf880000 - 0x00007fffcf899000 	c:\Users\kogil\AppData\Roaming\Code\User\globalStorage\pleiades.java-extension-pack-jdk\java\17\bin\VCRUNTIME140.dll
0x00007fffee310000 - 0x00007fffee4ad000 	C:\Windows\System32\USER32.dll
0x00007fffec0c0000 - 0x00007fffec0e2000 	C:\Windows\System32\win32u.dll
0x00007fffd2ce0000 - 0x00007fffd2f7a000 	C:\Windows\WinSxS\amd64_microsoft.windows.common-controls_6595b64144ccf1df_6.0.19041.1110_none_60b5254171f9507e\COMCTL32.dll
0x00007fffee0a0000 - 0x00007fffee0cc000 	C:\Windows\System32\GDI32.dll
0x00007fffec0f0000 - 0x00007fffec205000 	C:\Windows\System32\gdi32full.dll
0x00007fffee530000 - 0x00007fffee5ce000 	C:\Windows\System32\msvcrt.dll
0x00007fffec6b0000 - 0x00007fffec74d000 	C:\Windows\System32\msvcp_win.dll
0x00007fffee7c0000 - 0x00007fffee7f0000 	C:\Windows\System32\IMM32.DLL
0x00007fffe5580000 - 0x00007fffe558c000 	c:\Users\kogil\AppData\Roaming\Code\User\globalStorage\pleiades.java-extension-pack-jdk\java\17\bin\vcruntime140_1.dll
0x00007fff92800000 - 0x00007fff92891000 	c:\Users\kogil\AppData\Roaming\Code\User\globalStorage\pleiades.java-extension-pack-jdk\java\17\bin\msvcp140.dll
0x00007fff71bc0000 - 0x00007fff72808000 	c:\Users\kogil\AppData\Roaming\Code\User\globalStorage\pleiades.java-extension-pack-jdk\java\17\bin\server\jvm.dll
0x00007fffecb70000 - 0x00007fffecc1f000 	C:\Windows\System32\ADVAPI32.dll
0x00007fffed0f0000 - 0x00007fffed18c000 	C:\Windows\System32\sechost.dll
0x00007fffee0d0000 - 0x00007fffee1f6000 	C:\Windows\System32\RPCRT4.dll
0x00007fffdea90000 - 0x00007fffdea99000 	C:\Windows\SYSTEM32\WSOCK32.dll
0x00007fffee6a0000 - 0x00007fffee70b000 	C:\Windows\System32\WS2_32.dll
0x00007fffe66f0000 - 0x00007fffe6717000 	C:\Windows\SYSTEM32\WINMM.dll
0x00007fffe4760000 - 0x00007fffe476a000 	C:\Windows\SYSTEM32\VERSION.dll
0x00007fffea750000 - 0x00007fffea762000 	C:\Windows\SYSTEM32\kernel.appcore.dll
0x00007fffdebf0000 - 0x00007fffdebfa000 	c:\Users\kogil\AppData\Roaming\Code\User\globalStorage\pleiades.java-extension-pack-jdk\java\17\bin\jimage.dll
0x00007fffe9b30000 - 0x00007fffe9d14000 	C:\Windows\SYSTEM32\DBGHELP.DLL
0x00007fffe66b0000 - 0x00007fffe66e4000 	C:\Windows\SYSTEM32\dbgcore.DLL
0x00007fffec800000 - 0x00007fffec882000 	C:\Windows\System32\bcryptPrimitives.dll
0x00007fffd3550000 - 0x00007fffd355e000 	c:\Users\kogil\AppData\Roaming\Code\User\globalStorage\pleiades.java-extension-pack-jdk\java\17\bin\instrument.dll
0x00007fffae920000 - 0x00007fffae945000 	c:\Users\kogil\AppData\Roaming\Code\User\globalStorage\pleiades.java-extension-pack-jdk\java\17\bin\java.dll
0x00007fff8f770000 - 0x00007fff8f846000 	c:\Users\kogil\AppData\Roaming\Code\User\globalStorage\pleiades.java-extension-pack-jdk\java\17\bin\jsvml.dll
0x00007fffed7b0000 - 0x00007fffedef4000 	C:\Windows\System32\SHELL32.dll
0x00007fffe9fa0000 - 0x00007fffea733000 	C:\Windows\SYSTEM32\windows.storage.dll
0x00007fffed2d0000 - 0x00007fffed624000 	C:\Windows\System32\combase.dll
0x00007fffeb960000 - 0x00007fffeb98e000 	C:\Windows\SYSTEM32\Wldp.dll
0x00007fffee710000 - 0x00007fffee7bd000 	C:\Windows\System32\SHCORE.dll
0x00007fffed750000 - 0x00007fffed7a5000 	C:\Windows\System32\shlwapi.dll
0x00007fffebe50000 - 0x00007fffebe6f000 	C:\Windows\SYSTEM32\profapi.dll
0x00007fffaca60000 - 0x00007fffaca78000 	c:\Users\kogil\AppData\Roaming\Code\User\globalStorage\pleiades.java-extension-pack-jdk\java\17\bin\zip.dll
0x00007fffac6f0000 - 0x00007fffac709000 	C:\Users\kogil\AppData\Roaming\Code\User\globalStorage\pleiades.java-extension-pack-jdk\java\17\bin\net.dll
0x00007fffe6ba0000 - 0x00007fffe6caa000 	C:\Windows\SYSTEM32\WINHTTP.dll
0x00007fffeb6c0000 - 0x00007fffeb72a000 	C:\Windows\system32\mswsock.dll
0x00007fffac680000 - 0x00007fffac695000 	C:\Users\kogil\AppData\Roaming\Code\User\globalStorage\pleiades.java-extension-pack-jdk\java\17\bin\nio.dll
0x00007fffd3480000 - 0x00007fffd3490000 	c:\Users\kogil\AppData\Roaming\Code\User\globalStorage\pleiades.java-extension-pack-jdk\java\17\bin\verify.dll
0x00007fffac3a0000 - 0x00007fffac3de000 	C:\Users\kogil\AppData\Roaming\Code\User\globalStorage\redhat.java\1.20.0\config_ss_win\org.eclipse.equinox.launcher\org.eclipse.equinox.launcher.win32.win32.x86_64_1.2.700.v20221108-1024\eclipse_11801.dll
0x00007fffed190000 - 0x00007fffed2ba000 	C:\Windows\System32\ole32.dll

dbghelp: loaded successfully - version: 4.0.5 - missing functions: none
symbol engine: initialized successfully - sym options: 0x614 - pdb path: .;c:\Users\kogil\AppData\Roaming\Code\User\globalStorage\pleiades.java-extension-pack-jdk\java\17\bin;C:\Windows\SYSTEM32;C:\Windows\WinSxS\amd64_microsoft.windows.common-controls_6595b64144ccf1df_6.0.19041.1110_none_60b5254171f9507e;c:\Users\kogil\AppData\Roaming\Code\User\globalStorage\pleiades.java-extension-pack-jdk\java\17\bin\server;C:\Users\kogil\AppData\Roaming\Code\User\globalStorage\redhat.java\1.20.0\config_ss_win\org.eclipse.equinox.launcher\org.eclipse.equinox.launcher.win32.win32.x86_64_1.2.700.v20221108-1024

VM Arguments:
jvm_args: --add-modules=ALL-SYSTEM --add-opens=java.base/java.util=ALL-UNNAMED --add-opens=java.base/java.lang=ALL-UNNAMED --add-opens=java.base/sun.nio.fs=ALL-UNNAMED -Declipse.application=org.eclipse.jdt.ls.core.id1 -Dosgi.bundles.defaultStartLevel=4 -Declipse.product=org.eclipse.jdt.ls.core.product -Djava.import.generatesMetadataFilesAtProjectRoot=false -Dfile.encoding=utf8 -XX:+UseParallelGC -XX:GCTimeRatio=4 -XX:AdaptiveSizePolicyWeight=90 -Dsun.zip.disableMemoryMapping=true -Xmx1G -Xms100m -Xlog:disable -javaagent:c:\Users\kogil\.vscode\extensions\redhat.java-1.20.0-win32-x64\lombok\lombok-1.18.28.jar 
java_command: c:\Users\kogil\.vscode\extensions\redhat.java-1.20.0-win32-x64\server\plugins\org.eclipse.equinox.launcher_1.6.500.v20230622-2056.jar -configuration c:\Users\kogil\AppData\Roaming\Code\User\globalStorage\redhat.java\1.20.0\config_ss_win -data c:\Users\kogil\AppData\Roaming\Code\User\workspaceStorage\9bee5a64eda732b358ae4ea735b6baa9\redhat.java\ss_ws
java_class_path (initial): c:\Users\kogil\.vscode\extensions\redhat.java-1.20.0-win32-x64\server\plugins\org.eclipse.equinox.launcher_1.6.500.v20230622-2056.jar
Launcher Type: SUN_STANDARD

[Global flags]
    uintx AdaptiveSizePolicyWeight                 = 90                                        {product} {command line}
     intx CICompilerCount                          = 4                                         {product} {ergonomic}
    uintx GCTimeRatio                              = 4                                         {product} {command line}
   size_t InitialHeapSize                          = 104857600                                 {product} {command line}
   size_t MaxHeapSize                              = 1073741824                                {product} {command line}
   size_t MaxNewSize                               = 357564416                                 {product} {ergonomic}
   size_t MinHeapDeltaBytes                        = 524288                                    {product} {ergonomic}
   size_t MinHeapSize                              = 104857600                                 {product} {command line}
   size_t NewSize                                  = 34603008                                  {product} {ergonomic}
    uintx NonNMethodCodeHeapSize                   = 5839372                                {pd product} {ergonomic}
    uintx NonProfiledCodeHeapSize                  = 122909434                              {pd product} {ergonomic}
   size_t OldSize                                  = 70254592                                  {product} {ergonomic}
    uintx ProfiledCodeHeapSize                     = 122909434                              {pd product} {ergonomic}
    uintx ReservedCodeCacheSize                    = 251658240                              {pd product} {ergonomic}
     bool SegmentedCodeCache                       = true                                      {product} {ergonomic}
   size_t SoftMaxHeapSize                          = 1073741824                             {manageable} {ergonomic}
     bool UseCompressedClassPointers               = true                           {product lp64_product} {ergonomic}
     bool UseCompressedOops                        = true                           {product lp64_product} {ergonomic}
     bool UseLargePagesIndividualAllocation        = false                                  {pd product} {ergonomic}
     bool UseParallelGC                            = true                                      {product} {command line}

Logging:
Log output configuration:
 #0: stdout all=off uptime,level,tags
 #1: stderr all=off uptime,level,tags

Environment Variables:
JAVA_HOME=C:\Program Files\Java\jdk-18.0.1.1
PATH=C:\Program Files\Common Files\Oracle\Java\javapath;C:\Windows\system32;C:\Windows;C:\Windows\System32\Wbem;C:\Windows\System32\WindowsPowerShell\v1.0\;C:\Windows\System32\OpenSSH\;C:\Program Files\nodejs\;C:\Program Files\Java\jdk-18.0.1.1\bin;C:\Program Files\Microsoft SQL Server\Client SDK\ODBC\170\Tools\Binn\;C:\Program Files\Git\cmd;C:\Program Files (x86)\Microsoft SQL Server\150\Tools\Binn\;C:\Program Files\Microsoft SQL Server\150\Tools\Binn\;C:\Program Files\Microsoft SQL Server\150\DTS\Binn\;C:\Program Files (x86)\Microsoft SQL Server\150\DTS\Binn\;C:\Program Files\MySQL\MySQL Server 8.0\bin;C:\Users\kogil\Downloads\apache-maven-3.9.2-bin\apache-maven-3.9.2\bin;C:\Program Files\dotnet\;C:\Users\kogil\AppData\Local\Microsoft\WindowsApps;C:\Users\kogil\AppData\Local\Programs\Microsoft VS Code\bin;C:\Users\kogil\AppData\Roaming\npm;C:\Program Files\Azure Data Studio\bin;C:\Users\kogil\.dotnet\tools;C:\Users\kogil\.conda\envs\butterfly;
USERNAME=kogil
OS=Windows_NT
PROCESSOR_IDENTIFIER=Intel64 Family 6 Model 140 Stepping 1, GenuineIntel
TMP=C:\Users\kogil\AppData\Local\Temp
TEMP=C:\Users\kogil\AppData\Local\Temp



---------------  S Y S T E M  ---------------

OS:
 Windows 10 , 64 bit Build 19041 (10.0.19041.3031)
OS uptime: 25 days 4:10 hours

CPU: total 8 (initial active 8) (4 cores per cpu, 2 threads per core) family 6 model 140 stepping 1 microcode 0x8a, cx8, cmov, fxsr, ht, mmx, 3dnowpref, sse, sse2, sse3, ssse3, sse4.1, sse4.2, popcnt, lzcnt, tsc, tscinvbit, avx, avx2, aes, erms, clmul, bmi1, bmi2, adx, avx512f, avx512dq, avx512cd, avx512bw, avx512vl, sha, fma, vzeroupper, avx512_vpopcntdq, avx512_vpclmulqdq, avx512_vaes, avx512_vnni, clflush, clflushopt, clwb, avx512_vbmi2, avx512_vbmi

Memory: 4k page, system-wide physical 7975M (495M free)
TotalPageFile size 20775M (AvailPageFile size 30M)
current process WorkingSet (physical memory assigned to process): 122M, peak: 122M
current process commit charge ("private bytes"): 238M, peak: 238M

vm_info: OpenJDK 64-Bit Server VM (17.0.7+7) for windows-amd64 JRE (17.0.7+7), built on Apr 18 2023 22:10:42 by "temurin" with MS VC++ 16.7 (VS2019)

END.
